{"C:\\Users\\ytvp\\Desktop\\YURI\\projetos\\LandingPageEbook\\LandingPagePromptEbook\\js\\analytics.js": {"path":"C:\\Users\\ytvp\\Desktop\\YURI\\projetos\\LandingPageEbook\\LandingPagePromptEbook\\js\\analytics.js","statementMap":{"0":{"start":{"line":7,"column":4},"end":{"line":13,"column":5}},"1":{"start":{"line":8,"column":8},"end":{"line":12,"column":11}},"2":{"start":{"line":19,"column":4},"end":{"line":25,"column":5}},"3":{"start":{"line":20,"column":8},"end":{"line":24,"column":11}},"4":{"start":{"line":30,"column":23},"end":{"line":30,"column":63}},"5":{"start":{"line":32,"column":4},"end":{"line":36,"column":7}},"6":{"start":{"line":33,"column":8},"end":{"line":35,"column":11}},"7":{"start":{"line":34,"column":12},"end":{"line":34,"column":76}},"8":{"start":{"line":41,"column":20},"end":{"line":41,"column":30}},"9":{"start":{"line":42,"column":20},"end":{"line":42,"column":21}},"10":{"start":{"line":45,"column":4},"end":{"line":52,"column":14}},"11":{"start":{"line":46,"column":8},"end":{"line":46,"column":64}},"12":{"start":{"line":49,"column":8},"end":{"line":51,"column":9}},"13":{"start":{"line":50,"column":12},"end":{"line":50,"column":81}},"14":{"start":{"line":55,"column":4},"end":{"line":58,"column":7}},"15":{"start":{"line":56,"column":8},"end":{"line":56,"column":64}},"16":{"start":{"line":57,"column":8},"end":{"line":57,"column":75}},"17":{"start":{"line":63,"column":20},"end":{"line":63,"column":21}},"18":{"start":{"line":64,"column":19},"end":{"line":69,"column":5}},"19":{"start":{"line":71,"column":4},"end":{"line":99,"column":7}},"20":{"start":{"line":73,"column":29},"end":{"line":73,"column":87}},"21":{"start":{"line":74,"column":26},"end":{"line":74,"column":40}},"22":{"start":{"line":75,"column":33},"end":{"line":75,"column":65}},"23":{"start":{"line":78,"column":8},"end":{"line":98,"column":9}},"24":{"start":{"line":79,"column":12},"end":{"line":79,"column":41}},"25":{"start":{"line":82,"column":12},"end":{"line":85,"column":13}},"26":{"start":{"line":83,"column":16},"end":{"line":83,"column":39}},"27":{"start":{"line":84,"column":16},"end":{"line":84,"column":68}},"28":{"start":{"line":86,"column":12},"end":{"line":89,"column":13}},"29":{"start":{"line":87,"column":16},"end":{"line":87,"column":39}},"30":{"start":{"line":88,"column":16},"end":{"line":88,"column":68}},"31":{"start":{"line":90,"column":12},"end":{"line":93,"column":13}},"32":{"start":{"line":91,"column":16},"end":{"line":91,"column":39}},"33":{"start":{"line":92,"column":16},"end":{"line":92,"column":68}},"34":{"start":{"line":94,"column":12},"end":{"line":97,"column":13}},"35":{"start":{"line":95,"column":16},"end":{"line":95,"column":40}},"36":{"start":{"line":96,"column":16},"end":{"line":96,"column":70}},"37":{"start":{"line":103,"column":0},"end":{"line":119,"column":3}},"38":{"start":{"line":105,"column":4},"end":{"line":105,"column":20}},"39":{"start":{"line":108,"column":4},"end":{"line":108,"column":21}},"40":{"start":{"line":109,"column":4},"end":{"line":109,"column":22}},"41":{"start":{"line":110,"column":4},"end":{"line":110,"column":18}},"42":{"start":{"line":113,"column":21},"end":{"line":113,"column":57}},"43":{"start":{"line":114,"column":4},"end":{"line":118,"column":5}},"44":{"start":{"line":115,"column":8},"end":{"line":117,"column":11}},"45":{"start":{"line":116,"column":12},"end":{"line":116,"column":80}}},"fnMap":{"0":{"name":"trackPageView","decl":{"start":{"line":5,"column":9},"end":{"line":5,"column":22}},"loc":{"start":{"line":5,"column":25},"end":{"line":14,"column":1}},"line":5},"1":{"name":"trackEvent","decl":{"start":{"line":17,"column":9},"end":{"line":17,"column":19}},"loc":{"start":{"line":17,"column":66},"end":{"line":26,"column":1}},"line":17},"2":{"name":"trackCTAClicks","decl":{"start":{"line":29,"column":9},"end":{"line":29,"column":23}},"loc":{"start":{"line":29,"column":26},"end":{"line":37,"column":1}},"line":29},"3":{"name":"(anonymous_3)","decl":{"start":{"line":32,"column":23},"end":{"line":32,"column":24}},"loc":{"start":{"line":32,"column":42},"end":{"line":36,"column":5}},"line":32},"4":{"name":"(anonymous_4)","decl":{"start":{"line":33,"column":41},"end":{"line":33,"column":42}},"loc":{"start":{"line":33,"column":47},"end":{"line":35,"column":9}},"line":33},"5":{"name":"trackTimeOnPage","decl":{"start":{"line":40,"column":9},"end":{"line":40,"column":24}},"loc":{"start":{"line":40,"column":27},"end":{"line":59,"column":1}},"line":40},"6":{"name":"(anonymous_6)","decl":{"start":{"line":45,"column":16},"end":{"line":45,"column":17}},"loc":{"start":{"line":45,"column":22},"end":{"line":52,"column":5}},"line":45},"7":{"name":"(anonymous_7)","decl":{"start":{"line":55,"column":44},"end":{"line":55,"column":45}},"loc":{"start":{"line":55,"column":50},"end":{"line":58,"column":5}},"line":55},"8":{"name":"trackScroll","decl":{"start":{"line":62,"column":9},"end":{"line":62,"column":20}},"loc":{"start":{"line":62,"column":23},"end":{"line":100,"column":1}},"line":62},"9":{"name":"(anonymous_9)","decl":{"start":{"line":71,"column":38},"end":{"line":71,"column":39}},"loc":{"start":{"line":71,"column":44},"end":{"line":99,"column":5}},"line":71},"10":{"name":"(anonymous_10)","decl":{"start":{"line":103,"column":46},"end":{"line":103,"column":47}},"loc":{"start":{"line":103,"column":52},"end":{"line":119,"column":1}},"line":103},"11":{"name":"(anonymous_11)","decl":{"start":{"line":115,"column":44},"end":{"line":115,"column":45}},"loc":{"start":{"line":115,"column":50},"end":{"line":117,"column":9}},"line":115}},"branchMap":{"0":{"loc":{"start":{"line":7,"column":4},"end":{"line":13,"column":5}},"type":"if","locations":[{"start":{"line":7,"column":4},"end":{"line":13,"column":5}},{"start":{},"end":{}}],"line":7},"1":{"loc":{"start":{"line":17,"column":38},"end":{"line":17,"column":50}},"type":"default-arg","locations":[{"start":{"line":17,"column":46},"end":{"line":17,"column":50}}],"line":17},"2":{"loc":{"start":{"line":17,"column":52},"end":{"line":17,"column":64}},"type":"default-arg","locations":[{"start":{"line":17,"column":60},"end":{"line":17,"column":64}}],"line":17},"3":{"loc":{"start":{"line":19,"column":4},"end":{"line":25,"column":5}},"type":"if","locations":[{"start":{"line":19,"column":4},"end":{"line":25,"column":5}},{"start":{},"end":{}}],"line":19},"4":{"loc":{"start":{"line":49,"column":8},"end":{"line":51,"column":9}},"type":"if","locations":[{"start":{"line":49,"column":8},"end":{"line":51,"column":9}},{"start":{},"end":{}}],"line":49},"5":{"loc":{"start":{"line":49,"column":12},"end":{"line":49,"column":90}},"type":"binary-expr","locations":[{"start":{"line":49,"column":12},"end":{"line":49,"column":28}},{"start":{"line":49,"column":32},"end":{"line":49,"column":48}},{"start":{"line":49,"column":52},"end":{"line":49,"column":69}},{"start":{"line":49,"column":73},"end":{"line":49,"column":90}}],"line":49},"6":{"loc":{"start":{"line":78,"column":8},"end":{"line":98,"column":9}},"type":"if","locations":[{"start":{"line":78,"column":8},"end":{"line":98,"column":9}},{"start":{},"end":{}}],"line":78},"7":{"loc":{"start":{"line":82,"column":12},"end":{"line":85,"column":13}},"type":"if","locations":[{"start":{"line":82,"column":12},"end":{"line":85,"column":13}},{"start":{},"end":{}}],"line":82},"8":{"loc":{"start":{"line":82,"column":16},"end":{"line":82,"column":58}},"type":"binary-expr","locations":[{"start":{"line":82,"column":16},"end":{"line":82,"column":38}},{"start":{"line":82,"column":42},"end":{"line":82,"column":58}}],"line":82},"9":{"loc":{"start":{"line":86,"column":12},"end":{"line":89,"column":13}},"type":"if","locations":[{"start":{"line":86,"column":12},"end":{"line":89,"column":13}},{"start":{},"end":{}}],"line":86},"10":{"loc":{"start":{"line":86,"column":16},"end":{"line":86,"column":58}},"type":"binary-expr","locations":[{"start":{"line":86,"column":16},"end":{"line":86,"column":38}},{"start":{"line":86,"column":42},"end":{"line":86,"column":58}}],"line":86},"11":{"loc":{"start":{"line":90,"column":12},"end":{"line":93,"column":13}},"type":"if","locations":[{"start":{"line":90,"column":12},"end":{"line":93,"column":13}},{"start":{},"end":{}}],"line":90},"12":{"loc":{"start":{"line":90,"column":16},"end":{"line":90,"column":58}},"type":"binary-expr","locations":[{"start":{"line":90,"column":16},"end":{"line":90,"column":38}},{"start":{"line":90,"column":42},"end":{"line":90,"column":58}}],"line":90},"13":{"loc":{"start":{"line":94,"column":12},"end":{"line":97,"column":13}},"type":"if","locations":[{"start":{"line":94,"column":12},"end":{"line":97,"column":13}},{"start":{},"end":{}}],"line":94},"14":{"loc":{"start":{"line":94,"column":16},"end":{"line":94,"column":59}},"type":"binary-expr","locations":[{"start":{"line":94,"column":16},"end":{"line":94,"column":38}},{"start":{"line":94,"column":42},"end":{"line":94,"column":59}}],"line":94},"15":{"loc":{"start":{"line":114,"column":4},"end":{"line":118,"column":5}},"type":"if","locations":[{"start":{"line":114,"column":4},"end":{"line":118,"column":5}},{"start":{},"end":{}}],"line":114}},"s":{"0":0,"1":0,"2":0,"3":0,"4":0,"5":0,"6":0,"7":0,"8":0,"9":0,"10":0,"11":0,"12":0,"13":0,"14":0,"15":0,"16":0,"17":0,"18":0,"19":0,"20":0,"21":0,"22":0,"23":0,"24":0,"25":0,"26":0,"27":0,"28":0,"29":0,"30":0,"31":0,"32":0,"33":0,"34":0,"35":0,"36":0,"37":0,"38":0,"39":0,"40":0,"41":0,"42":0,"43":0,"44":0,"45":0},"f":{"0":0,"1":0,"2":0,"3":0,"4":0,"5":0,"6":0,"7":0,"8":0,"9":0,"10":0,"11":0},"b":{"0":[0,0],"1":[0],"2":[0],"3":[0,0],"4":[0,0],"5":[0,0,0,0],"6":[0,0],"7":[0,0],"8":[0,0],"9":[0,0],"10":[0,0],"11":[0,0],"12":[0,0],"13":[0,0],"14":[0,0],"15":[0,0]}}
,"C:\\Users\\ytvp\\Desktop\\YURI\\projetos\\LandingPageEbook\\LandingPagePromptEbook\\js\\conversion-boost.js": {"path":"C:\\Users\\ytvp\\Desktop\\YURI\\projetos\\LandingPageEbook\\LandingPagePromptEbook\\js\\conversion-boost.js","statementMap":{"0":{"start":{"line":5,"column":25},"end":{"line":5,"column":65}},"1":{"start":{"line":6,"column":25},"end":{"line":6,"column":28}},"2":{"start":{"line":8,"column":4},"end":{"line":14,"column":7}},"3":{"start":{"line":9,"column":8},"end":{"line":13,"column":9}},"4":{"start":{"line":10,"column":12},"end":{"line":10,"column":50}},"5":{"start":{"line":12,"column":12},"end":{"line":12,"column":53}},"6":{"start":{"line":19,"column":25},"end":{"line":19,"column":64}},"7":{"start":{"line":20,"column":4},"end":{"line":20,"column":30}},"8":{"start":{"line":20,"column":23},"end":{"line":20,"column":30}},"9":{"start":{"line":23,"column":16},"end":{"line":23,"column":49}},"10":{"start":{"line":24,"column":4},"end":{"line":24,"column":37}},"11":{"start":{"line":28,"column":8},"end":{"line":41,"column":9}},"12":{"start":{"line":29,"column":12},"end":{"line":29,"column":23}},"13":{"start":{"line":30,"column":12},"end":{"line":30,"column":45}},"14":{"start":{"line":33,"column":12},"end":{"line":33,"column":52}},"15":{"start":{"line":34,"column":12},"end":{"line":36,"column":21}},"16":{"start":{"line":35,"column":16},"end":{"line":35,"column":59}},"17":{"start":{"line":39,"column":34},"end":{"line":39,"column":75}},"18":{"start":{"line":40,"column":12},"end":{"line":40,"column":51}},"19":{"start":{"line":45,"column":25},"end":{"line":45,"column":66}},"20":{"start":{"line":46,"column":4},"end":{"line":46,"column":42}},"21":{"start":{"line":51,"column":22},"end":{"line":51,"column":59}},"22":{"start":{"line":52,"column":23},"end":{"line":52,"column":61}},"23":{"start":{"line":53,"column":19},"end":{"line":53,"column":24}},"24":{"start":{"line":56,"column":4},"end":{"line":60,"column":5}},"25":{"start":{"line":57,"column":8},"end":{"line":59,"column":11}},"26":{"start":{"line":58,"column":12},"end":{"line":58,"column":50}},"27":{"start":{"line":63,"column":4},"end":{"line":68,"column":7}},"28":{"start":{"line":64,"column":8},"end":{"line":67,"column":9}},"29":{"start":{"line":65,"column":12},"end":{"line":65,"column":47}},"30":{"start":{"line":66,"column":12},"end":{"line":66,"column":28}},"31":{"start":{"line":73,"column":21},"end":{"line":73,"column":57}},"32":{"start":{"line":75,"column":4},"end":{"line":127,"column":5}},"33":{"start":{"line":76,"column":8},"end":{"line":126,"column":11}},"34":{"start":{"line":77,"column":12},"end":{"line":77,"column":31}},"35":{"start":{"line":79,"column":31},"end":{"line":79,"column":68}},"36":{"start":{"line":80,"column":26},"end":{"line":80,"column":42}},"37":{"start":{"line":82,"column":12},"end":{"line":86,"column":13}},"38":{"start":{"line":84,"column":16},"end":{"line":84,"column":50}},"39":{"start":{"line":85,"column":16},"end":{"line":85,"column":23}},"40":{"start":{"line":89,"column":12},"end":{"line":89,"column":49}},"41":{"start":{"line":92,"column":33},"end":{"line":92,"column":71}},"42":{"start":{"line":93,"column":33},"end":{"line":93,"column":57}},"43":{"start":{"line":94,"column":12},"end":{"line":94,"column":53}},"44":{"start":{"line":95,"column":12},"end":{"line":95,"column":41}},"45":{"start":{"line":98,"column":12},"end":{"line":125,"column":19}},"46":{"start":{"line":101,"column":20},"end":{"line":101,"column":122}},"47":{"start":{"line":104,"column":20},"end":{"line":106,"column":21}},"48":{"start":{"line":105,"column":24},"end":{"line":105,"column":45}},"49":{"start":{"line":110,"column":20},"end":{"line":110,"column":60}},"50":{"start":{"line":111,"column":20},"end":{"line":111,"column":50}},"51":{"start":{"line":114,"column":41},"end":{"line":114,"column":70}},"52":{"start":{"line":115,"column":20},"end":{"line":115,"column":61}},"53":{"start":{"line":116,"column":20},"end":{"line":116,"column":83}},"54":{"start":{"line":119,"column":42},"end":{"line":119,"column":82}},"55":{"start":{"line":120,"column":20},"end":{"line":122,"column":21}},"56":{"start":{"line":121,"column":24},"end":{"line":121,"column":47}},"57":{"start":{"line":124,"column":20},"end":{"line":124,"column":55}},"58":{"start":{"line":132,"column":21},"end":{"line":132,"column":68}},"59":{"start":{"line":134,"column":21},"end":{"line":144,"column":6}},"60":{"start":{"line":135,"column":8},"end":{"line":140,"column":11}},"61":{"start":{"line":136,"column":12},"end":{"line":139,"column":13}},"62":{"start":{"line":137,"column":16},"end":{"line":137,"column":54}},"63":{"start":{"line":138,"column":16},"end":{"line":138,"column":49}},"64":{"start":{"line":146,"column":4},"end":{"line":151,"column":7}},"65":{"start":{"line":147,"column":8},"end":{"line":147,"column":36}},"66":{"start":{"line":148,"column":8},"end":{"line":148,"column":53}},"67":{"start":{"line":149,"column":8},"end":{"line":149,"column":76}},"68":{"start":{"line":150,"column":8},"end":{"line":150,"column":34}},"69":{"start":{"line":156,"column":20},"end":{"line":156,"column":68}},"70":{"start":{"line":158,"column":4},"end":{"line":170,"column":7}},"71":{"start":{"line":159,"column":8},"end":{"line":161,"column":11}},"72":{"start":{"line":160,"column":12},"end":{"line":160,"column":51}},"73":{"start":{"line":163,"column":8},"end":{"line":165,"column":11}},"74":{"start":{"line":164,"column":12},"end":{"line":164,"column":48}},"75":{"start":{"line":167,"column":8},"end":{"line":169,"column":11}},"76":{"start":{"line":168,"column":12},"end":{"line":168,"column":48}},"77":{"start":{"line":174,"column":0},"end":{"line":180,"column":3}},"78":{"start":{"line":175,"column":4},"end":{"line":175,"column":23}},"79":{"start":{"line":176,"column":4},"end":{"line":176,"column":20}},"80":{"start":{"line":177,"column":4},"end":{"line":177,"column":22}},"81":{"start":{"line":178,"column":4},"end":{"line":178,"column":27}},"82":{"start":{"line":179,"column":4},"end":{"line":179,"column":25}}},"fnMap":{"0":{"name":"initStickyHeader","decl":{"start":{"line":4,"column":9},"end":{"line":4,"column":25}},"loc":{"start":{"line":4,"column":28},"end":{"line":15,"column":1}},"line":4},"1":{"name":"(anonymous_1)","decl":{"start":{"line":8,"column":38},"end":{"line":8,"column":39}},"loc":{"start":{"line":8,"column":44},"end":{"line":14,"column":5}},"line":8},"2":{"name":"initLimitedSpots","decl":{"start":{"line":18,"column":9},"end":{"line":18,"column":25}},"loc":{"start":{"line":18,"column":28},"end":{"line":47,"column":1}},"line":18},"3":{"name":"reduceSpots","decl":{"start":{"line":27,"column":13},"end":{"line":27,"column":24}},"loc":{"start":{"line":27,"column":27},"end":{"line":42,"column":5}},"line":27},"4":{"name":"(anonymous_4)","decl":{"start":{"line":34,"column":23},"end":{"line":34,"column":24}},"loc":{"start":{"line":34,"column":29},"end":{"line":36,"column":13}},"line":34},"5":{"name":"initExitPopup","decl":{"start":{"line":50,"column":9},"end":{"line":50,"column":22}},"loc":{"start":{"line":50,"column":25},"end":{"line":69,"column":1}},"line":50},"6":{"name":"(anonymous_6)","decl":{"start":{"line":57,"column":45},"end":{"line":57,"column":46}},"loc":{"start":{"line":57,"column":51},"end":{"line":59,"column":9}},"line":57},"7":{"name":"(anonymous_7)","decl":{"start":{"line":63,"column":44},"end":{"line":63,"column":45}},"loc":{"start":{"line":63,"column":51},"end":{"line":68,"column":5}},"line":63},"8":{"name":"initLeadCapture","decl":{"start":{"line":72,"column":9},"end":{"line":72,"column":24}},"loc":{"start":{"line":72,"column":27},"end":{"line":128,"column":1}},"line":72},"9":{"name":"(anonymous_9)","decl":{"start":{"line":76,"column":44},"end":{"line":76,"column":45}},"loc":{"start":{"line":76,"column":51},"end":{"line":126,"column":9}},"line":76},"10":{"name":"(anonymous_10)","decl":{"start":{"line":99,"column":22},"end":{"line":99,"column":23}},"loc":{"start":{"line":99,"column":28},"end":{"line":107,"column":17}},"line":99},"11":{"name":"(anonymous_11)","decl":{"start":{"line":108,"column":23},"end":{"line":108,"column":24}},"loc":{"start":{"line":108,"column":32},"end":{"line":125,"column":17}},"line":108},"12":{"name":"initScrollAnimations","decl":{"start":{"line":131,"column":9},"end":{"line":131,"column":29}},"loc":{"start":{"line":131,"column":32},"end":{"line":152,"column":1}},"line":131},"13":{"name":"(anonymous_13)","decl":{"start":{"line":134,"column":46},"end":{"line":134,"column":47}},"loc":{"start":{"line":134,"column":59},"end":{"line":141,"column":5}},"line":134},"14":{"name":"(anonymous_14)","decl":{"start":{"line":135,"column":24},"end":{"line":135,"column":25}},"loc":{"start":{"line":135,"column":33},"end":{"line":140,"column":9}},"line":135},"15":{"name":"(anonymous_15)","decl":{"start":{"line":146,"column":21},"end":{"line":146,"column":22}},"loc":{"start":{"line":146,"column":32},"end":{"line":151,"column":5}},"line":146},"16":{"name":"initButtonFeedback","decl":{"start":{"line":155,"column":9},"end":{"line":155,"column":27}},"loc":{"start":{"line":155,"column":30},"end":{"line":171,"column":1}},"line":155},"17":{"name":"(anonymous_17)","decl":{"start":{"line":158,"column":20},"end":{"line":158,"column":21}},"loc":{"start":{"line":158,"column":30},"end":{"line":170,"column":5}},"line":158},"18":{"name":"(anonymous_18)","decl":{"start":{"line":159,"column":45},"end":{"line":159,"column":46}},"loc":{"start":{"line":159,"column":51},"end":{"line":161,"column":9}},"line":159},"19":{"name":"(anonymous_19)","decl":{"start":{"line":163,"column":43},"end":{"line":163,"column":44}},"loc":{"start":{"line":163,"column":49},"end":{"line":165,"column":9}},"line":163},"20":{"name":"(anonymous_20)","decl":{"start":{"line":167,"column":46},"end":{"line":167,"column":47}},"loc":{"start":{"line":167,"column":52},"end":{"line":169,"column":9}},"line":167},"21":{"name":"(anonymous_21)","decl":{"start":{"line":174,"column":46},"end":{"line":174,"column":47}},"loc":{"start":{"line":174,"column":52},"end":{"line":180,"column":1}},"line":174}},"branchMap":{"0":{"loc":{"start":{"line":9,"column":8},"end":{"line":13,"column":9}},"type":"if","locations":[{"start":{"line":9,"column":8},"end":{"line":13,"column":9}},{"start":{"line":11,"column":15},"end":{"line":13,"column":9}}],"line":9},"1":{"loc":{"start":{"line":20,"column":4},"end":{"line":20,"column":30}},"type":"if","locations":[{"start":{"line":20,"column":4},"end":{"line":20,"column":30}},{"start":{},"end":{}}],"line":20},"2":{"loc":{"start":{"line":28,"column":8},"end":{"line":41,"column":9}},"type":"if","locations":[{"start":{"line":28,"column":8},"end":{"line":41,"column":9}},{"start":{},"end":{}}],"line":28},"3":{"loc":{"start":{"line":56,"column":4},"end":{"line":60,"column":5}},"type":"if","locations":[{"start":{"line":56,"column":4},"end":{"line":60,"column":5}},{"start":{},"end":{}}],"line":56},"4":{"loc":{"start":{"line":64,"column":8},"end":{"line":67,"column":9}},"type":"if","locations":[{"start":{"line":64,"column":8},"end":{"line":67,"column":9}},{"start":{},"end":{}}],"line":64},"5":{"loc":{"start":{"line":64,"column":12},"end":{"line":64,"column":38}},"type":"binary-expr","locations":[{"start":{"line":64,"column":12},"end":{"line":64,"column":25}},{"start":{"line":64,"column":29},"end":{"line":64,"column":38}}],"line":64},"6":{"loc":{"start":{"line":75,"column":4},"end":{"line":127,"column":5}},"type":"if","locations":[{"start":{"line":75,"column":4},"end":{"line":127,"column":5}},{"start":{},"end":{}}],"line":75},"7":{"loc":{"start":{"line":82,"column":12},"end":{"line":86,"column":13}},"type":"if","locations":[{"start":{"line":82,"column":12},"end":{"line":86,"column":13}},{"start":{},"end":{}}],"line":82},"8":{"loc":{"start":{"line":82,"column":16},"end":{"line":82,"column":46}},"type":"binary-expr","locations":[{"start":{"line":82,"column":16},"end":{"line":82,"column":22}},{"start":{"line":82,"column":26},"end":{"line":82,"column":46}}],"line":82},"9":{"loc":{"start":{"line":104,"column":20},"end":{"line":106,"column":21}},"type":"if","locations":[{"start":{"line":104,"column":20},"end":{"line":106,"column":21}},{"start":{},"end":{}}],"line":104},"10":{"loc":{"start":{"line":120,"column":20},"end":{"line":122,"column":21}},"type":"if","locations":[{"start":{"line":120,"column":20},"end":{"line":122,"column":21}},{"start":{},"end":{}}],"line":120},"11":{"loc":{"start":{"line":136,"column":12},"end":{"line":139,"column":13}},"type":"if","locations":[{"start":{"line":136,"column":12},"end":{"line":139,"column":13}},{"start":{},"end":{}}],"line":136}},"s":{"0":0,"1":0,"2":0,"3":0,"4":0,"5":0,"6":0,"7":0,"8":0,"9":0,"10":0,"11":0,"12":0,"13":0,"14":0,"15":0,"16":0,"17":0,"18":0,"19":0,"20":0,"21":0,"22":0,"23":0,"24":0,"25":0,"26":0,"27":0,"28":0,"29":0,"30":0,"31":0,"32":0,"33":0,"34":0,"35":0,"36":0,"37":0,"38":0,"39":0,"40":0,"41":0,"42":0,"43":0,"44":0,"45":0,"46":0,"47":0,"48":0,"49":0,"50":0,"51":0,"52":0,"53":0,"54":0,"55":0,"56":0,"57":0,"58":0,"59":0,"60":0,"61":0,"62":0,"63":0,"64":0,"65":0,"66":0,"67":0,"68":0,"69":0,"70":0,"71":0,"72":0,"73":0,"74":0,"75":0,"76":0,"77":0,"78":0,"79":0,"80":0,"81":0,"82":0},"f":{"0":0,"1":0,"2":0,"3":0,"4":0,"5":0,"6":0,"7":0,"8":0,"9":0,"10":0,"11":0,"12":0,"13":0,"14":0,"15":0,"16":0,"17":0,"18":0,"19":0,"20":0,"21":0},"b":{"0":[0,0],"1":[0,0],"2":[0,0],"3":[0,0],"4":[0,0],"5":[0,0],"6":[0,0],"7":[0,0],"8":[0,0],"9":[0,0],"10":[0,0],"11":[0,0]}}
,"C:\\Users\\ytvp\\Desktop\\YURI\\projetos\\LandingPageEbook\\LandingPagePromptEbook\\js\\main.js": {"path":"C:\\Users\\ytvp\\Desktop\\YURI\\projetos\\LandingPageEbook\\LandingPagePromptEbook\\js\\main.js","statementMap":{"0":{"start":{"line":2,"column":0},"end":{"line":40,"column":3}},"1":{"start":{"line":44,"column":4},"end":{"line":47,"column":5}},"2":{"start":{"line":45,"column":8},"end":{"line":45,"column":50}},"3":{"start":{"line":46,"column":8},"end":{"line":46,"column":67}},"4":{"start":{"line":46,"column":25},"end":{"line":46,"column":61}},"5":{"start":{"line":51,"column":24},"end":{"line":54,"column":1}},"6":{"start":{"line":56,"column":17},"end":{"line":67,"column":19}},"7":{"start":{"line":57,"column":4},"end":{"line":66,"column":7}},"8":{"start":{"line":58,"column":8},"end":{"line":65,"column":9}},"9":{"start":{"line":59,"column":12},"end":{"line":59,"column":50}},"10":{"start":{"line":60,"column":12},"end":{"line":60,"column":74}},"11":{"start":{"line":61,"column":12},"end":{"line":63,"column":21}},"12":{"start":{"line":62,"column":16},"end":{"line":62,"column":54}},"13":{"start":{"line":64,"column":12},"end":{"line":64,"column":45}},"14":{"start":{"line":71,"column":4},"end":{"line":132,"column":7}},"15":{"start":{"line":72,"column":8},"end":{"line":72,"column":27}},"16":{"start":{"line":75,"column":21},"end":{"line":75,"column":74}},"17":{"start":{"line":76,"column":22},"end":{"line":76,"column":76}},"18":{"start":{"line":77,"column":25},"end":{"line":77,"column":94}},"19":{"start":{"line":78,"column":27},"end":{"line":78,"column":86}},"20":{"start":{"line":81,"column":8},"end":{"line":84,"column":9}},"21":{"start":{"line":82,"column":12},"end":{"line":82,"column":74}},"22":{"start":{"line":83,"column":12},"end":{"line":83,"column":19}},"23":{"start":{"line":86,"column":8},"end":{"line":89,"column":9}},"24":{"start":{"line":87,"column":12},"end":{"line":87,"column":73}},"25":{"start":{"line":88,"column":12},"end":{"line":88,"column":19}},"26":{"start":{"line":91,"column":8},"end":{"line":94,"column":9}},"27":{"start":{"line":92,"column":12},"end":{"line":92,"column":93}},"28":{"start":{"line":93,"column":12},"end":{"line":93,"column":19}},"29":{"start":{"line":96,"column":8},"end":{"line":99,"column":9}},"30":{"start":{"line":97,"column":12},"end":{"line":97,"column":70}},"31":{"start":{"line":98,"column":12},"end":{"line":98,"column":19}},"32":{"start":{"line":101,"column":25},"end":{"line":106,"column":9}},"33":{"start":{"line":108,"column":29},"end":{"line":108,"column":65}},"34":{"start":{"line":109,"column":8},"end":{"line":109,"column":37}},"35":{"start":{"line":110,"column":8},"end":{"line":110,"column":49}},"36":{"start":{"line":112,"column":8},"end":{"line":131,"column":9}},"37":{"start":{"line":113,"column":29},"end":{"line":117,"column":14}},"38":{"start":{"line":119,"column":12},"end":{"line":124,"column":13}},"39":{"start":{"line":120,"column":16},"end":{"line":120,"column":29}},"40":{"start":{"line":121,"column":16},"end":{"line":121,"column":41}},"41":{"start":{"line":123,"column":16},"end":{"line":123,"column":61}},"42":{"start":{"line":126,"column":12},"end":{"line":126,"column":42}},"43":{"start":{"line":127,"column":12},"end":{"line":127,"column":106}},"44":{"start":{"line":129,"column":12},"end":{"line":129,"column":42}},"45":{"start":{"line":130,"column":12},"end":{"line":130,"column":66}},"46":{"start":{"line":137,"column":23},"end":{"line":137,"column":51}},"47":{"start":{"line":138,"column":4},"end":{"line":138,"column":34}},"48":{"start":{"line":144,"column":28},"end":{"line":144,"column":82}},"49":{"start":{"line":145,"column":4},"end":{"line":147,"column":5}},"50":{"start":{"line":146,"column":8},"end":{"line":146,"column":33}},"51":{"start":{"line":149,"column":23},"end":{"line":149,"column":52}},"52":{"start":{"line":150,"column":4},"end":{"line":150,"column":43}},"53":{"start":{"line":151,"column":4},"end":{"line":151,"column":37}},"54":{"start":{"line":152,"column":4},"end":{"line":159,"column":6}},"55":{"start":{"line":161,"column":4},"end":{"line":161,"column":33}},"56":{"start":{"line":162,"column":4},"end":{"line":162,"column":48}},"57":{"start":{"line":162,"column":21},"end":{"line":162,"column":40}},"58":{"start":{"line":168,"column":28},"end":{"line":168,"column":82}},"59":{"start":{"line":169,"column":4},"end":{"line":171,"column":5}},"60":{"start":{"line":170,"column":8},"end":{"line":170,"column":33}},"61":{"start":{"line":173,"column":23},"end":{"line":173,"column":52}},"62":{"start":{"line":174,"column":4},"end":{"line":174,"column":45}},"63":{"start":{"line":175,"column":4},"end":{"line":175,"column":63}},"64":{"start":{"line":176,"column":4},"end":{"line":183,"column":6}},"65":{"start":{"line":185,"column":4},"end":{"line":185,"column":33}},"66":{"start":{"line":186,"column":4},"end":{"line":186,"column":48}},"67":{"start":{"line":186,"column":21},"end":{"line":186,"column":40}},"68":{"start":{"line":191,"column":4},"end":{"line":198,"column":7}},"69":{"start":{"line":192,"column":20},"end":{"line":192,"column":53}},"70":{"start":{"line":193,"column":8},"end":{"line":197,"column":9}},"71":{"start":{"line":194,"column":12},"end":{"line":194,"column":62}},"72":{"start":{"line":195,"column":12},"end":{"line":195,"column":59}},"73":{"start":{"line":196,"column":12},"end":{"line":196,"column":35}},"74":{"start":{"line":202,"column":0},"end":{"line":239,"column":3}},"75":{"start":{"line":204,"column":25},"end":{"line":204,"column":64}},"76":{"start":{"line":205,"column":25},"end":{"line":205,"column":49}},"77":{"start":{"line":206,"column":4},"end":{"line":206,"column":34}},"78":{"start":{"line":207,"column":4},"end":{"line":207,"column":67}},"79":{"start":{"line":207,"column":21},"end":{"line":207,"column":59}},"80":{"start":{"line":210,"column":4},"end":{"line":217,"column":7}},"81":{"start":{"line":211,"column":8},"end":{"line":216,"column":11}},"82":{"start":{"line":212,"column":12},"end":{"line":212,"column":31}},"83":{"start":{"line":213,"column":12},"end":{"line":215,"column":15}},"84":{"start":{"line":220,"column":28},"end":{"line":220,"column":110}},"85":{"start":{"line":221,"column":4},"end":{"line":228,"column":7}},"86":{"start":{"line":222,"column":8},"end":{"line":226,"column":10}},"87":{"start":{"line":227,"column":8},"end":{"line":227,"column":34}},"88":{"start":{"line":231,"column":17},"end":{"line":231,"column":53}},"89":{"start":{"line":232,"column":4},"end":{"line":238,"column":5}},"90":{"start":{"line":233,"column":8},"end":{"line":233,"column":24}},"91":{"start":{"line":234,"column":30},"end":{"line":234,"column":74}},"92":{"start":{"line":235,"column":8},"end":{"line":237,"column":9}},"93":{"start":{"line":236,"column":12},"end":{"line":236,"column":45}}},"fnMap":{"0":{"name":"typeWriter","decl":{"start":{"line":43,"column":9},"end":{"line":43,"column":19}},"loc":{"start":{"line":43,"column":46},"end":{"line":48,"column":1}},"line":43},"1":{"name":"(anonymous_1)","decl":{"start":{"line":46,"column":19},"end":{"line":46,"column":20}},"loc":{"start":{"line":46,"column":25},"end":{"line":46,"column":61}},"line":46},"2":{"name":"(anonymous_2)","decl":{"start":{"line":56,"column":42},"end":{"line":56,"column":43}},"loc":{"start":{"line":56,"column":55},"end":{"line":67,"column":1}},"line":56},"3":{"name":"(anonymous_3)","decl":{"start":{"line":57,"column":20},"end":{"line":57,"column":21}},"loc":{"start":{"line":57,"column":29},"end":{"line":66,"column":5}},"line":57},"4":{"name":"(anonymous_4)","decl":{"start":{"line":61,"column":23},"end":{"line":61,"column":24}},"loc":{"start":{"line":61,"column":29},"end":{"line":63,"column":13}},"line":61},"5":{"name":"setupForm","decl":{"start":{"line":70,"column":9},"end":{"line":70,"column":18}},"loc":{"start":{"line":70,"column":25},"end":{"line":133,"column":1}},"line":70},"6":{"name":"(anonymous_6)","decl":{"start":{"line":71,"column":36},"end":{"line":71,"column":37}},"loc":{"start":{"line":71,"column":54},"end":{"line":132,"column":5}},"line":71},"7":{"name":"isValidEmail","decl":{"start":{"line":136,"column":9},"end":{"line":136,"column":21}},"loc":{"start":{"line":136,"column":29},"end":{"line":139,"column":1}},"line":136},"8":{"name":"showErrorMessage","decl":{"start":{"line":142,"column":9},"end":{"line":142,"column":25}},"loc":{"start":{"line":142,"column":41},"end":{"line":163,"column":1}},"line":142},"9":{"name":"(anonymous_9)","decl":{"start":{"line":162,"column":15},"end":{"line":162,"column":16}},"loc":{"start":{"line":162,"column":21},"end":{"line":162,"column":40}},"line":162},"10":{"name":"showSuccessMessage","decl":{"start":{"line":166,"column":9},"end":{"line":166,"column":27}},"loc":{"start":{"line":166,"column":34},"end":{"line":187,"column":1}},"line":166},"11":{"name":"(anonymous_11)","decl":{"start":{"line":186,"column":15},"end":{"line":186,"column":16}},"loc":{"start":{"line":186,"column":21},"end":{"line":186,"column":40}},"line":186},"12":{"name":"setupWhatsAppMask","decl":{"start":{"line":190,"column":9},"end":{"line":190,"column":26}},"loc":{"start":{"line":190,"column":34},"end":{"line":199,"column":1}},"line":190},"13":{"name":"(anonymous_13)","decl":{"start":{"line":191,"column":36},"end":{"line":191,"column":37}},"loc":{"start":{"line":191,"column":48},"end":{"line":198,"column":5}},"line":191},"14":{"name":"(anonymous_14)","decl":{"start":{"line":202,"column":46},"end":{"line":202,"column":47}},"loc":{"start":{"line":202,"column":52},"end":{"line":239,"column":1}},"line":202},"15":{"name":"(anonymous_15)","decl":{"start":{"line":207,"column":15},"end":{"line":207,"column":16}},"loc":{"start":{"line":207,"column":21},"end":{"line":207,"column":59}},"line":207},"16":{"name":"(anonymous_16)","decl":{"start":{"line":210,"column":54},"end":{"line":210,"column":55}},"loc":{"start":{"line":210,"column":64},"end":{"line":217,"column":5}},"line":210},"17":{"name":"(anonymous_17)","decl":{"start":{"line":211,"column":41},"end":{"line":211,"column":42}},"loc":{"start":{"line":211,"column":54},"end":{"line":216,"column":9}},"line":211},"18":{"name":"(anonymous_18)","decl":{"start":{"line":221,"column":28},"end":{"line":221,"column":29}},"loc":{"start":{"line":221,"column":39},"end":{"line":228,"column":5}},"line":221}},"branchMap":{"0":{"loc":{"start":{"line":43,"column":35},"end":{"line":43,"column":44}},"type":"default-arg","locations":[{"start":{"line":43,"column":43},"end":{"line":43,"column":44}}],"line":43},"1":{"loc":{"start":{"line":44,"column":4},"end":{"line":47,"column":5}},"type":"if","locations":[{"start":{"line":44,"column":4},"end":{"line":47,"column":5}},{"start":{},"end":{}}],"line":44},"2":{"loc":{"start":{"line":58,"column":8},"end":{"line":65,"column":9}},"type":"if","locations":[{"start":{"line":58,"column":8},"end":{"line":65,"column":9}},{"start":{},"end":{}}],"line":58},"3":{"loc":{"start":{"line":81,"column":8},"end":{"line":84,"column":9}},"type":"if","locations":[{"start":{"line":81,"column":8},"end":{"line":84,"column":9}},{"start":{},"end":{}}],"line":81},"4":{"loc":{"start":{"line":86,"column":8},"end":{"line":89,"column":9}},"type":"if","locations":[{"start":{"line":86,"column":8},"end":{"line":89,"column":9}},{"start":{},"end":{}}],"line":86},"5":{"loc":{"start":{"line":91,"column":8},"end":{"line":94,"column":9}},"type":"if","locations":[{"start":{"line":91,"column":8},"end":{"line":94,"column":9}},{"start":{},"end":{}}],"line":91},"6":{"loc":{"start":{"line":96,"column":8},"end":{"line":99,"column":9}},"type":"if","locations":[{"start":{"line":96,"column":8},"end":{"line":99,"column":9}},{"start":{},"end":{}}],"line":96},"7":{"loc":{"start":{"line":119,"column":12},"end":{"line":124,"column":13}},"type":"if","locations":[{"start":{"line":119,"column":12},"end":{"line":124,"column":13}},{"start":{"line":122,"column":19},"end":{"line":124,"column":13}}],"line":119},"8":{"loc":{"start":{"line":145,"column":4},"end":{"line":147,"column":5}},"type":"if","locations":[{"start":{"line":145,"column":4},"end":{"line":147,"column":5}},{"start":{},"end":{}}],"line":145},"9":{"loc":{"start":{"line":169,"column":4},"end":{"line":171,"column":5}},"type":"if","locations":[{"start":{"line":169,"column":4},"end":{"line":171,"column":5}},{"start":{},"end":{}}],"line":169},"10":{"loc":{"start":{"line":193,"column":8},"end":{"line":197,"column":9}},"type":"if","locations":[{"start":{"line":193,"column":8},"end":{"line":197,"column":9}},{"start":{},"end":{}}],"line":193},"11":{"loc":{"start":{"line":232,"column":4},"end":{"line":238,"column":5}},"type":"if","locations":[{"start":{"line":232,"column":4},"end":{"line":238,"column":5}},{"start":{},"end":{}}],"line":232},"12":{"loc":{"start":{"line":235,"column":8},"end":{"line":237,"column":9}},"type":"if","locations":[{"start":{"line":235,"column":8},"end":{"line":237,"column":9}},{"start":{},"end":{}}],"line":235}},"s":{"0":0,"1":0,"2":0,"3":0,"4":0,"5":0,"6":0,"7":0,"8":0,"9":0,"10":0,"11":0,"12":0,"13":0,"14":0,"15":0,"16":0,"17":0,"18":0,"19":0,"20":0,"21":0,"22":0,"23":0,"24":0,"25":0,"26":0,"27":0,"28":0,"29":0,"30":0,"31":0,"32":0,"33":0,"34":0,"35":0,"36":0,"37":0,"38":0,"39":0,"40":0,"41":0,"42":0,"43":0,"44":0,"45":0,"46":0,"47":0,"48":0,"49":0,"50":0,"51":0,"52":0,"53":0,"54":0,"55":0,"56":0,"57":0,"58":0,"59":0,"60":0,"61":0,"62":0,"63":0,"64":0,"65":0,"66":0,"67":0,"68":0,"69":0,"70":0,"71":0,"72":0,"73":0,"74":0,"75":0,"76":0,"77":0,"78":0,"79":0,"80":0,"81":0,"82":0,"83":0,"84":0,"85":0,"86":0,"87":0,"88":0,"89":0,"90":0,"91":0,"92":0,"93":0},"f":{"0":0,"1":0,"2":0,"3":0,"4":0,"5":0,"6":0,"7":0,"8":0,"9":0,"10":0,"11":0,"12":0,"13":0,"14":0,"15":0,"16":0,"17":0,"18":0},"b":{"0":[0],"1":[0,0],"2":[0,0],"3":[0,0],"4":[0,0],"5":[0,0],"6":[0,0],"7":[0,0],"8":[0,0],"9":[0,0],"10":[0,0],"11":[0,0],"12":[0,0]}}
,"C:\\Users\\ytvp\\Desktop\\YURI\\projetos\\LandingPageEbook\\LandingPagePromptEbook\\js\\sheets-integration.js": {"path":"C:\\Users\\ytvp\\Desktop\\YURI\\projetos\\LandingPageEbook\\LandingPagePromptEbook\\js\\sheets-integration.js","statementMap":{"0":{"start":{"line":4,"column":22},"end":{"line":4,"column":138}},"1":{"start":{"line":7,"column":21},"end":{"line":7,"column":35}},"2":{"start":{"line":8,"column":4},"end":{"line":8,"column":36}},"3":{"start":{"line":9,"column":4},"end":{"line":9,"column":59}},"4":{"start":{"line":10,"column":4},"end":{"line":10,"column":52}},"5":{"start":{"line":13,"column":4},"end":{"line":26,"column":7}},"6":{"start":{"line":18,"column":8},"end":{"line":20,"column":9}},"7":{"start":{"line":19,"column":12},"end":{"line":19,"column":52}},"8":{"start":{"line":21,"column":8},"end":{"line":21,"column":31}},"9":{"start":{"line":24,"column":8},"end":{"line":24,"column":38}},"10":{"start":{"line":25,"column":8},"end":{"line":25,"column":20}}},"fnMap":{"0":{"name":"submitToGoogleSheets","decl":{"start":{"line":2,"column":9},"end":{"line":2,"column":29}},"loc":{"start":{"line":2,"column":37},"end":{"line":27,"column":1}},"line":2},"1":{"name":"(anonymous_1)","decl":{"start":{"line":17,"column":10},"end":{"line":17,"column":11}},"loc":{"start":{"line":17,"column":22},"end":{"line":22,"column":5}},"line":17},"2":{"name":"(anonymous_2)","decl":{"start":{"line":23,"column":11},"end":{"line":23,"column":12}},"loc":{"start":{"line":23,"column":20},"end":{"line":26,"column":5}},"line":23}},"branchMap":{"0":{"loc":{"start":{"line":18,"column":8},"end":{"line":20,"column":9}},"type":"if","locations":[{"start":{"line":18,"column":8},"end":{"line":20,"column":9}},{"start":{},"end":{}}],"line":18}},"s":{"0":0,"1":0,"2":0,"3":0,"4":0,"5":0,"6":0,"7":0,"8":0,"9":0,"10":0},"f":{"0":0,"1":0,"2":0},"b":{"0":[0,0]}}
}
